<?xml version="1.0" encoding="UTF-8"?>
<!-- Generated by org.testng.reporters.JUnitReportReporter -->
<testsuite skipped="0" hostname="CBT-MH-000" name="Automation1.PHPTravels.TestFlightSearch" tests="1" failures="0" timestamp="30 Oct 2019 12:52:49 GMT" time="28.688" errors="0">
  <testcase name="flightSearch" time="28.688" classname="Automation1.PHPTravels.TestFlightSearch"/>
</testsuite> <!-- Automation1.PHPTravels.TestFlightSearch -->
