<?xml version="1.0" encoding="UTF-8"?>
<!-- Generated by org.testng.reporters.JUnitReportReporter -->
<testsuite skipped="0" hostname="CBT-MH-000" name="Automation1.PHPTravels.TestHomePage" tests="1" failures="0" timestamp="01 Oct 2019 06:20:51 GMT" time="17.461" errors="0">
  <testcase name="main" time="17.461" classname="Automation1.PHPTravels.TestHomePage"/>
</testsuite> <!-- Automation1.PHPTravels.TestHomePage -->
